\BOOKMARK [1][-]{section*.1}{\376\377\000C\000o\000n\000t\000e\000n\000t\000\040\000P\000a\000g\000e}{}% 1
\BOOKMARK [1][-]{section*.2}{\376\377\0001\000.\000\040\000I\000n\000t\000r\000o\000d\000u\000c\000t\000i\000o\000n}{}% 2
\BOOKMARK [2][-]{section*.3}{\376\377\0001\000.\0001\000\040\000D\000e\000s\000c\000r\000i\000p\000t\000i\000o\000n}{section*.2}% 3
\BOOKMARK [2][-]{section*.4}{\376\377\0001\000.\0002\000\040\000P\000u\000r\000p\000o\000s\000e}{section*.2}% 4
\BOOKMARK [2][-]{section*.5}{\376\377\0001\000.\0003\000\040\000V\000a\000r\000i\000a\000b\000l\000e\000s}{section*.2}% 5
\BOOKMARK [3][-]{section*.6}{\376\377\000t\000i\000t\000l\000e\000\040\000\050\000n\000o\000t\000e\000:\000\040\000L\000a\000T\000e\000X\000\040\000d\000o\000e\000s\000n\000'\000t\000\040\000s\000u\000p\000p\000o\000r\000t\000\040\000c\000h\000i\000n\000e\000s\000e\000\040\000c\000h\000a\000r\000a\000c\000t\000e\000r\000s\000\040\000s\000o\000\040\000I\000\040\000a\000m\000\040\000u\000n\000a\000b\000l\000e\000\040\000t\000o\000\040\000s\000h\000o\000w\000\040\000a\000l\000l\000\040\000t\000h\000e\000\040\000t\000i\000t\000l\000e\000s\000.\000.\000\051}{section*.5}% 6
\BOOKMARK [3][-]{section*.7}{\376\377\000d\000u\000r\000a\000t\000i\000o\000n}{section*.5}% 7
\BOOKMARK [3][-]{section*.8}{\376\377\000a\000l\000b\000u\000m}{section*.5}% 8
\BOOKMARK [3][-]{section*.9}{\376\377\000a\000r\000t\000i\000s\000t}{section*.5}% 9
\BOOKMARK [3][-]{section*.10}{\376\377\000p\000l\000a\000y\000s}{section*.5}% 10
\BOOKMARK [3][-]{section*.11}{\376\377\000g\000e\000n\000r\000e}{section*.5}% 11
\BOOKMARK [3][-]{section*.12}{\376\377\000l\000a\000s\000t\000\137\000p\000l\000a\000y\000e\000d}{section*.5}% 12
\BOOKMARK [3][-]{section*.13}{\376\377\000r\000e\000l\000e\000a\000s\000e\000\137\000d\000a\000t\000e}{section*.5}% 13
\BOOKMARK [3][-]{section*.14}{\376\377\000s\000i\000z\000e}{section*.5}% 14
\BOOKMARK [3][-]{section*.15}{\376\377\000s\000k\000i\000p\000s}{section*.5}% 15
\BOOKMARK [2][-]{section*.16}{\376\377\0001\000.\0004\000\040\000K\000e\000y\000\040\000S\000t\000e\000p\000s}{section*.2}% 16
\BOOKMARK [1][-]{section*.17}{\376\377\0002\000.\000\040\000M\000e\000t\000h\000o\000d\000s\000\040\000/\000\040\000A\000n\000a\000l\000y\000s\000i\000s}{}% 17
\BOOKMARK [2][-]{section*.18}{\376\377\0002\000.\0001\000\040\000C\000l\000e\000a\000n\000i\000n\000g\000\040\000t\000h\000e\000\040\000d\000a\000t\000a}{section*.17}% 18
\BOOKMARK [3][-]{section*.19}{\376\377\000M\000i\000s\000s\000i\000n\000g\000\040\000v\000a\000l\000u\000e\000s\000\040\000i\000n\000\040\000s\000k\000i\000p\000s\000,\000\040\000p\000l\000a\000y\000s\000,\000\040\000g\000e\000n\000r\000e}{section*.18}% 19
\BOOKMARK [3][-]{section*.20}{\376\377\000R\000e\000a\000s\000s\000i\000g\000n\000i\000n\000g\000\040\000g\000e\000n\000r\000e}{section*.18}% 20
\BOOKMARK [3][-]{section*.21}{\376\377\000R\000e\000f\000o\000r\000m\000a\000t\000t\000i\000n\000g\000\040\000d\000u\000r\000a\000t\000i\000o\000n}{section*.18}% 21
\BOOKMARK [3][-]{section*.22}{\376\377\000R\000e\000f\000o\000r\000m\000a\000t\000t\000i\000n\000g\000\040\000s\000i\000z\000e}{section*.18}% 22
\BOOKMARK [3][-]{section*.23}{\376\377\000R\000e\000f\000o\000r\000m\000a\000t\000t\000i\000n\000g\000\040\000d\000a\000t\000e\000s}{section*.18}% 23
\BOOKMARK [3][-]{section*.24}{\376\377\000F\000a\000k\000i\000n\000g\000\040\000t\000h\000e\000\040\000d\000a\000t\000a}{section*.18}% 24
\BOOKMARK [3][-]{section*.25}{\376\377\000F\000u\000r\000t\000h\000e\000r\000\040\000c\000l\000e\000a\000n\000i\000n\000g\000\040\000o\000f\000\040\000r\000e\000l\000e\000a\000s\000e\000\040\000d\000a\000t\000e}{section*.18}% 25
\BOOKMARK [3][-]{section*.26}{\376\377\000E\000x\000t\000r\000a\000c\000t\000i\000n\000g\000\040\000a\000l\000l\000\040\000a\000r\000t\000i\000s\000t\000s}{section*.18}% 26
\BOOKMARK [2][-]{section*.27}{\376\377\0002\000.\0002\000\040\000S\000o\000m\000e\000\040\000t\000h\000e\000o\000r\000i\000e\000s}{section*.17}% 27
\BOOKMARK [3][-]{section*.28}{\376\377\000i\000n\000f\000o\000\137\000d\000e\000n\000s\000i\000t\000y}{section*.27}% 28
\BOOKMARK [3][-]{section*.29}{\376\377\000t\000i\000m\000e\000\137\000s\000i\000n\000c\000e\000\137\000l\000a\000s\000t\000\137\000p\000l\000a\000y\000e\000d}{section*.27}% 29
\BOOKMARK [3][-]{section*.30}{\376\377\000V\000a\000r\000i\000a\000b\000l\000e\000s\000\040\000b\000o\000u\000n\000d\000\040\000t\000o\000\040\000a\000r\000t\000i\000s\000t}{section*.27}% 30
\BOOKMARK [3][-]{section*.38}{\376\377\000V\000a\000r\000i\000a\000b\000l\000e\000s\000\040\000b\000o\000u\000n\000d\000\040\000t\000o\000\040\000g\000e\000n\000r\000e}{section*.27}% 31
\BOOKMARK [2][-]{section*.39}{\376\377\0002\000.\0003\000\040\000M\000o\000d\000e\000l\000l\000i\000n\000g\000\040\000a\000p\000p\000r\000o\000a\000c\000h}{section*.17}% 32
\BOOKMARK [1][-]{section*.40}{\376\377\0003\000.\000\040\000R\000e\000s\000u\000l\000t\000s}{}% 33
\BOOKMARK [2][-]{section*.41}{\376\377\0003\000.\0001\000\040\000R\000M\000S\000E}{section*.40}% 34
\BOOKMARK [2][-]{section*.42}{\376\377\0003\000.\0002\000\040\000T\000h\000e\000\040\000o\000u\000t\000l\000i\000e\000r\000s}{section*.40}% 35
\BOOKMARK [2][-]{section*.43}{\376\377\0003\000.\0003\000\040\000G\000e\000n\000e\000r\000a\000l\000\040\000t\000r\000e\000n\000d}{section*.40}% 36
\BOOKMARK [1][-]{section*.44}{\376\377\0004\000.\000\040\000C\000o\000n\000c\000l\000u\000s\000i\000o\000n}{}% 37
\BOOKMARK [2][-]{section*.45}{\376\377\0004\000.\0001\000\040\000S\000u\000m\000m\000a\000r\000y}{section*.44}% 38
